5/9/2023, 7:36:31 pm POST /register
5/9/2023, 7:37:11 pm POST /login
6/9/2023, 8:01:25 am POST /login
6/9/2023, 8:16:47 am POST /login
6/9/2023, 8:20:27 am POST /login
6/9/2023, 8:29:29 am POST /register
6/9/2023, 8:30:13 am POST /login
6/9/2023, 9:39:21 am POST /login
6/9/2023, 9:46:42 am POST /login
6/9/2023, 10:10:12 am POST /login
6/9/2023, 10:10:25 am POST /login
6/9/2023, 10:10:37 am POST /login
6/9/2023, 10:13:44 am POST /login
6/9/2023, 10:14:20 am POST /login
6/9/2023, 10:23:56 am POST /login
6/9/2023, 10:38:02 am POST /login
6/9/2023, 10:40:22 am POST /login
6/9/2023, 10:42:33 am POST /login
6/9/2023, 11:21:19 am POST /login
6/9/2023, 11:32:01 am POST /login
6/9/2023, 11:36:11 am POST /login
6/9/2023, 11:44:35 am POST /login
6/9/2023, 11:48:27 am POST /login
6/9/2023, 11:52:52 am POST /login
6/9/2023, 12:07:07 pm POST /login
6/9/2023, 12:23:44 pm POST /login
6/9/2023, 12:26:29 pm POST /login
6/9/2023, 12:28:23 pm POST /login
6/9/2023, 12:29:11 pm POST /login
6/9/2023, 12:34:34 pm POST /login
6/9/2023, 12:34:36 pm POST /login
6/9/2023, 12:34:43 pm POST /login
6/9/2023, 12:44:24 pm POST /register
6/9/2023, 12:44:55 pm POST /login
6/9/2023, 12:46:52 pm POST /login
6/9/2023, 12:47:42 pm POST /login
6/9/2023, 2:20:27 pm POST /login
6/9/2023, 2:25:34 pm POST /login
6/9/2023, 2:25:35 pm POST /login
6/9/2023, 2:25:43 pm POST /login
6/9/2023, 2:40:23 pm POST /login
6/9/2023, 2:42:11 pm POST /login
6/9/2023, 2:44:00 pm POST /login
6/9/2023, 2:44:01 pm POST /login
6/9/2023, 2:44:02 pm POST /login
6/9/2023, 2:44:10 pm POST /login
6/9/2023, 2:56:00 pm POST /login
6/9/2023, 2:58:07 pm POST /login
6/9/2023, 3:00:03 pm GET /
6/9/2023, 3:00:04 pm GET /
6/9/2023, 3:00:06 pm GET /ho
6/9/2023, 3:00:10 pm GET /hom
6/9/2023, 3:00:12 pm GET /home
6/9/2023, 3:00:27 pm GET /
6/9/2023, 3:00:34 pm GET /
6/9/2023, 3:00:42 pm GET /
6/9/2023, 3:00:47 pm GET /
6/9/2023, 3:00:55 pm GET /
6/9/2023, 3:01:00 pm GET /
6/9/2023, 3:01:11 pm GET /
6/9/2023, 3:01:25 pm GET /
6/9/2023, 3:01:35 pm GET /
6/9/2023, 3:01:40 pm GET /
6/9/2023, 3:01:41 pm GET /
6/9/2023, 3:01:44 pm GET /
6/9/2023, 3:02:21 pm GET /
6/9/2023, 3:04:18 pm GET /
6/9/2023, 3:04:18 pm GET /
6/9/2023, 3:04:39 pm GET /
6/9/2023, 3:04:48 pm GET /
6/9/2023, 3:04:51 pm GET /
6/9/2023, 3:05:26 pm GET /
6/9/2023, 3:11:16 pm GET /
6/9/2023, 3:11:18 pm GET /
6/9/2023, 3:11:38 pm GET /
6/9/2023, 3:12:07 pm GET /
6/9/2023, 3:12:26 pm POST /login
6/9/2023, 3:12:27 pm GET /
6/9/2023, 3:12:46 pm GET /
6/9/2023, 3:12:46 pm GET /
6/9/2023, 3:15:47 pm GET /
6/9/2023, 3:18:37 pm POST /login
6/9/2023, 3:42:54 pm POST /login
6/9/2023, 3:46:34 pm POST /login
6/9/2023, 3:57:48 pm POST /login
6/9/2023, 3:59:00 pm POST /login
6/9/2023, 4:32:16 pm POST /register
6/9/2023, 4:36:19 pm POST /login
6/9/2023, 4:36:46 pm POST /login
6/9/2023, 4:36:46 pm POST /login
6/9/2023, 4:37:03 pm POST /login
6/9/2023, 4:37:04 pm POST /login
6/9/2023, 4:37:04 pm POST /login
6/9/2023, 4:37:04 pm POST /login
6/9/2023, 4:37:25 pm POST /login
6/9/2023, 4:37:29 pm POST /login
6/9/2023, 4:37:30 pm POST /login
6/9/2023, 4:37:30 pm POST /login
6/9/2023, 4:37:45 pm POST /login
6/9/2023, 4:37:45 pm POST /login
6/9/2023, 4:37:46 pm POST /login
6/9/2023, 4:42:23 pm POST /login
6/9/2023, 4:42:24 pm POST /login
6/9/2023, 4:42:48 pm POST /login
6/9/2023, 4:43:42 pm POST /login
6/9/2023, 4:43:50 pm POST /login
6/9/2023, 6:03:44 pm POST /login
6/9/2023, 6:11:24 pm POST /login
6/9/2023, 7:22:35 pm POST /login
6/9/2023, 10:09:31 pm POST /login
6/9/2023, 10:19:57 pm POST /login
6/9/2023, 10:21:35 pm POST /login
6/9/2023, 10:24:20 pm POST /login
7/9/2023, 6:28:21 am POST /login
7/9/2023, 7:17:06 am POST /login
7/9/2023, 7:19:08 am POST /login
7/9/2023, 7:20:34 am POST /login
7/9/2023, 7:21:22 am POST /login
7/9/2023, 7:22:09 am POST /login
7/9/2023, 8:02:13 am POST /login
7/9/2023, 8:03:56 am POST /login
7/9/2023, 8:11:09 am POST /login
7/9/2023, 8:18:47 am POST /login
7/9/2023, 8:24:52 am POST /login
7/9/2023, 8:25:31 am POST /login
7/9/2023, 8:29:45 am POST /login
7/9/2023, 8:30:10 am POST /login
7/9/2023, 8:33:24 am POST /login
7/9/2023, 8:35:16 am POST /login
7/9/2023, 8:37:00 am POST /login
7/9/2023, 8:39:57 am POST /login
7/9/2023, 8:40:42 am POST /login
7/9/2023, 8:41:32 am POST /login
7/9/2023, 8:42:05 am POST /login
7/9/2023, 9:51:49 am POST /login
7/9/2023, 10:39:45 am POST /add
7/9/2023, 10:39:47 am POST /add
7/9/2023, 10:39:48 am POST /add
7/9/2023, 10:39:56 am POST /add
7/9/2023, 10:39:57 am POST /add
7/9/2023, 10:39:57 am POST /add
7/9/2023, 10:42:39 am POST /add
7/9/2023, 10:42:39 am POST /add
7/9/2023, 10:42:39 am POST /add
7/9/2023, 10:42:39 am POST /add
7/9/2023, 10:43:20 am POST /add
7/9/2023, 11:11:56 am POST /add
7/9/2023, 11:14:19 am POST /add
7/9/2023, 11:15:59 am POST /add
7/9/2023, 11:16:14 am POST /add
7/9/2023, 11:18:23 am POST /add
7/9/2023, 11:18:48 am POST /add
7/9/2023, 11:21:32 am POST /add
7/9/2023, 11:22:10 am POST /add
7/9/2023, 11:22:11 am POST /add
7/9/2023, 11:22:12 am POST /add
7/9/2023, 11:30:55 am POST /login
7/9/2023, 11:39:29 am GET /employee-details
7/9/2023, 11:39:29 am GET /employee-details
7/9/2023, 11:40:45 am GET /employee-details
7/9/2023, 11:40:45 am GET /employee-details
7/9/2023, 11:52:07 am GET /employee-details
7/9/2023, 11:53:30 am POST /add
7/9/2023, 11:53:34 am GET /employee-details
7/9/2023, 11:53:34 am GET /employee-details
7/9/2023, 11:55:52 am GET /employee-details
7/9/2023, 11:55:52 am GET /employee-details
7/9/2023, 11:56:22 am POST /add
7/9/2023, 11:56:27 am GET /employee-details
7/9/2023, 11:56:27 am GET /employee-details
7/9/2023, 11:58:07 am GET /employee-details
7/9/2023, 11:58:07 am GET /employee-details
7/9/2023, 12:12:08 pm POST /add
7/9/2023, 12:12:12 pm GET /employee-details
7/9/2023, 12:12:12 pm GET /employee-details
7/9/2023, 12:30:25 pm GET /employee-details
7/9/2023, 12:30:25 pm GET /employee-details
7/9/2023, 12:51:42 pm GET /employee-details
7/9/2023, 12:51:42 pm GET /employee-details
7/9/2023, 12:56:56 pm GET /employee-details
7/9/2023, 12:56:56 pm GET /employee-details
7/9/2023, 12:57:28 pm POST /login
7/9/2023, 2:00:37 pm GET /employee-details
7/9/2023, 2:00:37 pm GET /employee-details
7/9/2023, 2:01:18 pm POST /add
7/9/2023, 2:01:23 pm GET /employee-details
7/9/2023, 2:01:23 pm GET /employee-details
7/9/2023, 2:04:25 pm GET /employee-details
7/9/2023, 2:04:25 pm GET /employee-details
7/9/2023, 2:06:16 pm POST /add
7/9/2023, 2:06:16 pm GET /employee-details
7/9/2023, 2:06:16 pm GET /employee-details
7/9/2023, 2:08:08 pm GET /employee-details
7/9/2023, 2:08:08 pm GET /employee-details
7/9/2023, 2:08:16 pm GET /employee-details
7/9/2023, 2:08:16 pm GET /employee-details
7/9/2023, 2:14:53 pm GET /employee-details
7/9/2023, 2:14:53 pm GET /employee-details
7/9/2023, 2:15:15 pm GET /employee-details
7/9/2023, 2:15:17 pm GET /employee-details
7/9/2023, 2:15:21 pm GET /employee-details
7/9/2023, 2:15:26 pm GET /employee-details
7/9/2023, 2:15:32 pm GET /employee-details
7/9/2023, 2:15:35 pm GET /employee-details
7/9/2023, 2:16:11 pm GET /employee-details
7/9/2023, 2:16:15 pm GET /employee-details
7/9/2023, 2:16:27 pm GET /employee-details
7/9/2023, 2:16:35 pm GET /employee-details
7/9/2023, 2:16:42 pm GET /employee-details
7/9/2023, 2:16:44 pm GET /employee-details
7/9/2023, 2:16:56 pm GET /employee-details
7/9/2023, 2:17:04 pm GET /employee-details
7/9/2023, 2:17:11 pm GET /employee-details
7/9/2023, 2:17:13 pm GET /employee-details
7/9/2023, 2:17:20 pm GET /employee-details
7/9/2023, 2:17:34 pm GET /employee-details
7/9/2023, 2:17:35 pm GET /employee-details
7/9/2023, 2:17:44 pm GET /employee-details
7/9/2023, 2:17:47 pm GET /employee-details
7/9/2023, 2:17:50 pm GET /employee-details
7/9/2023, 2:17:53 pm GET /employee-details
7/9/2023, 2:18:02 pm GET /employee-details
7/9/2023, 2:18:03 pm GET /employee-details
7/9/2023, 2:18:08 pm GET /employee-details
7/9/2023, 2:18:13 pm GET /employee-details
7/9/2023, 2:18:15 pm GET /employee-details
7/9/2023, 2:18:23 pm GET /employee-details
7/9/2023, 2:20:24 pm GET /employee-details
7/9/2023, 2:20:24 pm GET /employee-details
7/9/2023, 2:21:13 pm POST /login
7/9/2023, 2:43:18 pm GET /employee-details
7/9/2023, 2:43:18 pm GET /employee-details
7/9/2023, 2:43:39 pm GET /employee-details
7/9/2023, 2:43:39 pm GET /employee-details
7/9/2023, 2:43:47 pm GET /employee-details
7/9/2023, 2:43:47 pm GET /employee-details
7/9/2023, 2:47:29 pm GET /employee-details
7/9/2023, 2:47:29 pm GET /employee-details
7/9/2023, 3:03:01 pm POST /login
7/9/2023, 3:03:11 pm POST /login
7/9/2023, 3:03:12 pm POST /login
7/9/2023, 3:03:29 pm POST /login
7/9/2023, 3:03:47 pm POST /login
7/9/2023, 3:04:29 pm POST /login
7/9/2023, 3:06:11 pm POST /login
7/9/2023, 3:34:34 pm POST /login
7/9/2023, 3:36:56 pm POST /login
7/9/2023, 3:38:23 pm POST /login
7/9/2023, 3:40:47 pm POST /login
7/9/2023, 3:42:44 pm POST /login
7/9/2023, 3:44:27 pm POST /login
7/9/2023, 3:46:26 pm POST /login
7/9/2023, 3:54:49 pm POST /login
7/9/2023, 3:54:57 pm GET /employee-details
7/9/2023, 3:54:57 pm GET /employee-details
7/9/2023, 3:55:42 pm GET /employee-details
7/9/2023, 3:55:42 pm GET /employee-details
7/9/2023, 3:56:03 pm GET /employee-details
7/9/2023, 3:56:03 pm GET /employee-details
7/9/2023, 3:56:05 pm GET /employee-details
7/9/2023, 3:56:05 pm GET /employee-details
7/9/2023, 3:56:13 pm GET /employee-details
7/9/2023, 3:56:13 pm GET /employee-details
7/9/2023, 3:56:24 pm GET /employee-details
7/9/2023, 3:56:24 pm GET /employee-details
7/9/2023, 3:59:57 pm POST /login
7/9/2023, 4:00:01 pm GET /employee-details
7/9/2023, 4:00:01 pm GET /employee-details
7/9/2023, 4:01:32 pm GET /employee-details
7/9/2023, 4:01:32 pm GET /employee-details
7/9/2023, 4:01:54 pm POST /login
7/9/2023, 4:02:05 pm GET /employee-details
7/9/2023, 4:02:05 pm GET /employee-details
7/9/2023, 4:03:12 pm POST /login
7/9/2023, 4:03:18 pm GET /employee-details
7/9/2023, 4:03:18 pm GET /employee-details
7/9/2023, 4:08:20 pm POST /login
7/9/2023, 4:08:25 pm GET /employee-details
7/9/2023, 4:08:25 pm GET /employee-details
7/9/2023, 4:08:53 pm GET /employee-details
7/9/2023, 4:08:53 pm GET /employee-details
7/9/2023, 4:09:38 pm GET /employee-details
7/9/2023, 4:09:38 pm GET /employee-details
7/9/2023, 4:09:39 pm GET /employee-details
7/9/2023, 4:09:39 pm GET /employee-details
7/9/2023, 4:10:17 pm POST /login
7/9/2023, 4:23:17 pm POST /login
7/9/2023, 4:24:06 pm GET /employee-details
7/9/2023, 4:24:06 pm GET /employee-details
7/9/2023, 4:24:09 pm GET /employee-details
7/9/2023, 4:24:09 pm GET /employee-details
7/9/2023, 4:24:12 pm GET /employee-details
7/9/2023, 4:24:12 pm GET /employee-details
7/9/2023, 4:24:15 pm GET /employee-details
7/9/2023, 4:24:15 pm GET /employee-details
7/9/2023, 4:24:21 pm GET /employee-details
7/9/2023, 4:24:21 pm GET /employee-details
7/9/2023, 4:38:13 pm POST /login
7/9/2023, 4:38:54 pm POST /login
7/9/2023, 4:40:06 pm POST /login
7/9/2023, 4:40:25 pm GET /employee-details
7/9/2023, 4:40:25 pm GET /employee-details
7/9/2023, 4:40:28 pm GET /employee-details
7/9/2023, 4:40:28 pm GET /employee-details
7/9/2023, 4:40:30 pm GET /employee-details
7/9/2023, 4:40:30 pm GET /employee-details
7/9/2023, 4:40:32 pm GET /employee-details
7/9/2023, 4:40:32 pm GET /employee-details
7/9/2023, 4:41:13 pm POST /login
7/9/2023, 4:43:44 pm POST /login
7/9/2023, 4:44:32 pm GET /employee-details
7/9/2023, 4:44:32 pm GET /employee-details
7/9/2023, 4:49:57 pm POST /login
7/9/2023, 4:50:20 pm GET /employee-details
7/9/2023, 4:50:20 pm GET /employee-details
7/9/2023, 4:50:23 pm GET /employee-details
7/9/2023, 4:50:23 pm GET /employee-details
7/9/2023, 4:50:24 pm GET /employee-details
7/9/2023, 4:50:24 pm GET /employee-details
7/9/2023, 4:50:26 pm GET /employee-details
7/9/2023, 4:50:26 pm GET /employee-details
7/9/2023, 4:50:27 pm GET /employee-details
7/9/2023, 4:50:27 pm GET /employee-details
7/9/2023, 4:50:31 pm GET /employee-details
7/9/2023, 4:50:31 pm GET /employee-details
7/9/2023, 4:51:04 pm POST /login
7/9/2023, 4:57:00 pm POST /login
7/9/2023, 5:04:42 pm POST /login
7/9/2023, 5:09:45 pm POST /login
7/9/2023, 5:13:06 pm POST /login
7/9/2023, 5:13:22 pm GET /employee-details
7/9/2023, 5:13:22 pm GET /employee-details
7/9/2023, 5:13:24 pm GET /employee-details
7/9/2023, 5:13:24 pm GET /employee-details
7/9/2023, 5:13:26 pm GET /employee-details
7/9/2023, 5:13:26 pm GET /employee-details
7/9/2023, 5:13:30 pm GET /employee-details
7/9/2023, 5:13:30 pm GET /employee-details
7/9/2023, 5:36:59 pm POST /login
7/9/2023, 5:37:00 pm POST /login
7/9/2023, 5:37:16 pm POST /login
7/9/2023, 5:37:17 pm POST /login
7/9/2023, 5:38:15 pm POST /login
7/9/2023, 5:39:22 pm POST /login
7/9/2023, 7:58:09 pm GET /employee-details
7/9/2023, 7:58:09 pm GET /employee-details
7/9/2023, 7:58:43 pm POST /login
7/9/2023, 7:59:25 pm POST /login
7/9/2023, 8:26:00 pm POST /login
7/9/2023, 8:27:14 pm POST /login
7/9/2023, 8:31:00 pm GET /employee-details
7/9/2023, 8:31:00 pm GET /employee-details
7/9/2023, 8:31:07 pm GET /employee-details
7/9/2023, 8:31:07 pm GET /employee-details
7/9/2023, 8:45:07 pm GET /employee-details
7/9/2023, 8:45:07 pm GET /employee-details
7/9/2023, 9:04:58 pm POST /register
7/9/2023, 9:05:14 pm POST /login
7/9/2023, 9:05:22 pm POST /login
7/9/2023, 9:30:31 pm POST /login
7/9/2023, 9:31:55 pm POST /login
7/9/2023, 9:34:51 pm POST /login
7/9/2023, 9:37:09 pm GET /employee-details
7/9/2023, 9:37:09 pm GET /employee-details
7/9/2023, 9:46:25 pm GET /employee-details
7/9/2023, 9:46:25 pm GET /employee-details
7/9/2023, 9:46:55 pm GET /employee-details
7/9/2023, 9:46:55 pm GET /employee-details
7/9/2023, 9:49:52 pm GET /employee-details
7/9/2023, 9:49:52 pm GET /employee-details
7/9/2023, 9:59:37 pm GET /employee-details
7/9/2023, 9:59:37 pm GET /employee-details
7/9/2023, 9:59:51 pm GET /employee-details
7/9/2023, 10:00:02 pm GET /employee-details
7/9/2023, 10:00:04 pm GET /employee-details
7/9/2023, 10:00:05 pm GET /employee-details
7/9/2023, 10:00:07 pm GET /employee-details
7/9/2023, 10:00:10 pm GET /employee-details
7/9/2023, 10:00:13 pm GET /employee-details
7/9/2023, 10:00:15 pm GET /employee-details
7/9/2023, 10:00:17 pm GET /employee-details
7/9/2023, 10:00:19 pm GET /employee-details
7/9/2023, 10:00:23 pm GET /employee-details
7/9/2023, 10:00:27 pm GET /employee-details
7/9/2023, 10:00:27 pm GET /employee-details
7/9/2023, 10:01:02 pm GET /employee-details
7/9/2023, 10:01:02 pm GET /employee-details
7/9/2023, 10:02:41 pm GET /employee-details
7/9/2023, 10:10:22 pm GET /employee-details
7/9/2023, 10:10:22 pm GET /employee-details
7/9/2023, 10:10:24 pm GET /employee-details
7/9/2023, 10:10:24 pm GET /employee-details
7/9/2023, 10:16:53 pm POST /login
7/9/2023, 10:16:58 pm GET /employee-details
7/9/2023, 10:16:58 pm GET /employee-details
7/9/2023, 10:27:56 pm GET /employee-details
7/9/2023, 10:27:56 pm GET /employee-details
7/9/2023, 10:28:12 pm DELETE /employee-details/sri
7/9/2023, 10:28:15 pm GET /employee-details
7/9/2023, 10:28:15 pm GET /employee-details
7/9/2023, 10:31:25 pm GET /employee-details
7/9/2023, 10:31:25 pm GET /employee-details
7/9/2023, 10:34:10 pm GET /employee-details
7/9/2023, 10:34:27 pm GET /employee-details
7/9/2023, 10:34:27 pm GET /employee-details
7/9/2023, 10:34:29 pm GET /employee-details
7/9/2023, 10:34:29 pm GET /employee-details
7/9/2023, 10:34:38 pm GET /employee-details
7/9/2023, 10:34:38 pm GET /employee-details
7/9/2023, 10:34:51 pm GET /employee-details
7/9/2023, 10:34:52 pm GET /employee-details
7/9/2023, 10:36:55 pm GET /employee-details
7/9/2023, 10:37:04 pm DELETE /employee-details/64f96d0e0d11580d528ff1f1
7/9/2023, 10:37:08 pm DELETE /employee-details/64f96d0e0d11580d528ff1f1
7/9/2023, 10:37:28 pm GET /employee-details
7/9/2023, 10:37:48 pm GET /employee-details
7/9/2023, 10:37:48 pm GET /employee-details
8/9/2023, 8:39:28 am POST /login
8/9/2023, 8:41:01 am GET /employee-details
8/9/2023, 8:41:01 am GET /employee-details
8/9/2023, 8:41:09 am GET /employee-details
8/9/2023, 8:41:09 am GET /employee-details
8/9/2023, 8:42:12 am POST /login
8/9/2023, 9:25:12 am POST /login
8/9/2023, 9:30:52 am POST /login
8/9/2023, 9:31:19 am POST /login
8/9/2023, 9:33:16 am GET /employee-details
8/9/2023, 9:33:16 am GET /employee-details
8/9/2023, 9:33:27 am GET /employee-details
8/9/2023, 9:33:27 am GET /employee-details
8/9/2023, 9:34:20 am GET /employee-details
8/9/2023, 9:34:27 am GET /employee-details
8/9/2023, 9:34:31 am GET /employee-details
8/9/2023, 9:34:36 am GET /employee-details
8/9/2023, 9:34:40 am GET /employee-details
8/9/2023, 9:34:42 am GET /employee-details
8/9/2023, 9:34:45 am GET /employee-details
8/9/2023, 9:34:47 am GET /employee-details
8/9/2023, 9:34:52 am GET /employee-details
8/9/2023, 9:34:54 am GET /employee-details
8/9/2023, 9:40:49 am POST /add
8/9/2023, 9:40:49 am GET /employee-details
8/9/2023, 9:40:49 am GET /employee-details
8/9/2023, 9:40:55 am GET /employee-details
8/9/2023, 9:40:55 am GET /employee-details
8/9/2023, 11:19:45 am POST /login
8/9/2023, 11:19:52 am GET /employee-details
8/9/2023, 11:19:52 am GET /employee-details
8/9/2023, 11:19:54 am GET /employee-details
8/9/2023, 11:19:54 am GET /employee-details
8/9/2023, 11:19:57 am DELETE /employee-details/64f96d0e0d11580d528ff1f1
8/9/2023, 11:20:08 am DELETE /employee-details/64f96d0e0d11580d528ff1f1
8/9/2023, 11:26:14 am DELETE /employee-details/64f96d0e0d11580d528ff1f1
8/9/2023, 11:29:34 am DELETE /employee-details/64f96d0e0d11580d528ff1f1
8/9/2023, 11:29:38 am GET /employee-details
8/9/2023, 11:29:38 am GET /employee-details
8/9/2023, 11:29:42 am DELETE /employee-details/64f970c07dd74aa4737702bd
8/9/2023, 11:29:46 am GET /employee-details
8/9/2023, 11:29:46 am GET /employee-details
8/9/2023, 11:30:37 am DELETE /employee-details/64f98b8040b51fad06f95e4f
8/9/2023, 11:30:42 am GET /employee-details
8/9/2023, 11:30:42 am GET /employee-details
8/9/2023, 11:32:49 am GET /employee-details
8/9/2023, 11:32:52 am GET /employee-details
8/9/2023, 11:32:59 am GET /employee-details
8/9/2023, 11:33:00 am GET /employee-details
8/9/2023, 11:33:08 am GET /employee-details
8/9/2023, 11:33:18 am DELETE /employee-details/64fa9ec9189fe5b4857be400
8/9/2023, 11:33:22 am GET /employee-details
8/9/2023, 11:33:22 am GET /employee-details
8/9/2023, 11:33:42 am GET /employee-details
8/9/2023, 11:33:42 am GET /employee-details
8/9/2023, 11:34:00 am POST /add
8/9/2023, 11:34:00 am GET /employee-details
8/9/2023, 11:34:00 am GET /employee-details
8/9/2023, 11:34:05 am GET /employee-details
8/9/2023, 11:34:05 am GET /employee-details
8/9/2023, 11:34:10 am DELETE /employee-details/64fab9502156f6ca32f45ba5
8/9/2023, 11:34:33 am GET /employee-details
8/9/2023, 11:34:35 am GET /employee-details
8/9/2023, 11:34:35 am GET /employee-details
8/9/2023, 11:34:50 am POST /add
8/9/2023, 11:34:50 am GET /employee-details
8/9/2023, 11:34:50 am GET /employee-details
8/9/2023, 11:34:52 am GET /employee-details
8/9/2023, 11:34:52 am GET /employee-details
8/9/2023, 11:35:00 am DELETE /employee-details/64fab9822156f6ca32f45baf
8/9/2023, 11:35:01 am GET /employee-details
8/9/2023, 11:35:01 am GET /employee-details
8/9/2023, 11:37:17 am GET /employee-details
8/9/2023, 11:37:21 am GET /employee-details
8/9/2023, 11:37:24 am GET /employee-details
8/9/2023, 11:37:26 am GET /employee-details
8/9/2023, 11:40:12 am GET /employee-details
8/9/2023, 11:41:05 am GET /employee-details
8/9/2023, 11:41:06 am GET /employee-details
8/9/2023, 11:41:10 am GET /employee-details
8/9/2023, 11:41:27 am GET /employee-details
8/9/2023, 11:41:48 am GET /employee-details
8/9/2023, 11:41:50 am GET /employee-details
8/9/2023, 11:42:33 am POST /add
8/9/2023, 11:42:33 am GET /employee-details
8/9/2023, 11:42:33 am GET /employee-details
8/9/2023, 11:42:35 am GET /employee-details
8/9/2023, 11:42:35 am GET /employee-details
8/9/2023, 11:42:39 am DELETE /employee-details/64fabb512156f6ca32f45bc3
8/9/2023, 11:42:47 am GET /employee-details
8/9/2023, 11:42:47 am GET /employee-details
8/9/2023, 11:57:56 am GET /employee-details
8/9/2023, 11:57:56 am GET /employee-details
8/9/2023, 11:58:47 am GET /employee-details
8/9/2023, 11:59:22 am GET /employee-details
8/9/2023, 12:00:00 pm POST /add
8/9/2023, 12:00:00 pm GET /employee-details
8/9/2023, 12:00:00 pm GET /employee-details
8/9/2023, 12:00:02 pm GET /employee-details
8/9/2023, 12:00:02 pm GET /employee-details
8/9/2023, 12:01:39 pm GET /employee-details
8/9/2023, 12:03:32 pm GET /employee-details
8/9/2023, 12:03:32 pm GET /employee-details
8/9/2023, 12:05:39 pm GET /employee-details
8/9/2023, 12:05:55 pm PUT /employee-details/64fabf6896f204aca22a7c95
8/9/2023, 12:05:56 pm GET /employee-details
8/9/2023, 12:05:56 pm GET /employee-details
8/9/2023, 12:06:27 pm DELETE /employee-details/64fabf6896f204aca22a7c95
8/9/2023, 12:10:26 pm GET /employee-details
8/9/2023, 12:10:39 pm GET /employee-details
8/9/2023, 12:10:43 pm GET /employee-details
8/9/2023, 12:11:07 pm POST /add
8/9/2023, 12:11:07 pm GET /employee-details
8/9/2023, 12:11:07 pm GET /employee-details
8/9/2023, 12:11:11 pm GET /employee-details
8/9/2023, 12:11:11 pm GET /employee-details
8/9/2023, 12:19:18 pm GET /employee-details
8/9/2023, 12:19:19 pm GET /employee-details
8/9/2023, 12:19:35 pm GET /employee-details
8/9/2023, 12:19:39 pm GET /employee-details
8/9/2023, 12:19:41 pm GET /employee-details
8/9/2023, 12:19:45 pm GET /employee-details
8/9/2023, 12:19:50 pm GET /employee-details
8/9/2023, 12:19:54 pm GET /employee-details
8/9/2023, 12:25:28 pm GET /employee-details
8/9/2023, 12:25:28 pm GET /employee-details
8/9/2023, 12:25:38 pm GET /employee-details
8/9/2023, 12:25:38 pm GET /employee-details
8/9/2023, 12:25:53 pm GET /employee-details
8/9/2023, 12:25:53 pm GET /employee-details
8/9/2023, 12:26:03 pm GET /employee-details
8/9/2023, 12:26:03 pm GET /employee-details
8/9/2023, 12:37:02 pm GET /employee-details
8/9/2023, 12:38:07 pm GET /employee-details
8/9/2023, 12:38:17 pm PUT /employee-details/64fac20396f204aca22a7ca6
8/9/2023, 12:38:18 pm GET /employee-details
8/9/2023, 12:38:18 pm GET /employee-details
8/9/2023, 12:38:25 pm GET /employee-details
8/9/2023, 12:38:25 pm GET /employee-details
8/9/2023, 12:38:28 pm GET /employee-details
8/9/2023, 12:38:28 pm GET /employee-details
8/9/2023, 12:38:31 pm GET /employee-details
8/9/2023, 12:38:31 pm GET /employee-details
8/9/2023, 12:38:36 pm GET /employee-details
8/9/2023, 12:38:36 pm GET /employee-details
8/9/2023, 12:39:49 pm GET /employee-details
8/9/2023, 12:40:05 pm GET /employee-details
8/9/2023, 12:40:05 pm GET /employee-details
8/9/2023, 12:40:09 pm GET /employee-details
8/9/2023, 12:40:09 pm GET /employee-details
8/9/2023, 12:40:11 pm GET /employee-details
8/9/2023, 12:40:11 pm GET /employee-details
8/9/2023, 12:41:21 pm GET /employee-details
8/9/2023, 12:41:22 pm GET /employee-details
8/9/2023, 12:41:33 pm GET /employee-details
8/9/2023, 12:41:40 pm GET /employee-details
8/9/2023, 12:41:40 pm GET /employee-details
8/9/2023, 12:42:08 pm POST /add
8/9/2023, 12:42:08 pm GET /employee-details
8/9/2023, 12:42:08 pm GET /employee-details
8/9/2023, 12:42:13 pm GET /employee-details
8/9/2023, 12:42:13 pm GET /employee-details
8/9/2023, 12:42:20 pm GET /employee-details
8/9/2023, 12:42:20 pm GET /employee-details
8/9/2023, 12:42:31 pm GET /employee-details
8/9/2023, 12:46:10 pm DELETE /employee-details/64fac94896f204aca22a7cd5
8/9/2023, 12:46:15 pm GET /employee-details
8/9/2023, 12:46:15 pm GET /employee-details
8/9/2023, 12:46:45 pm GET /employee-details
8/9/2023, 12:46:53 pm GET /employee-details
8/9/2023, 12:47:01 pm GET /employee-details
8/9/2023, 12:47:14 pm GET /employee-details
8/9/2023, 12:47:34 pm GET /employee-details
8/9/2023, 12:47:39 pm GET /employee-details
8/9/2023, 12:48:03 pm POST /add
8/9/2023, 12:48:03 pm GET /employee-details
8/9/2023, 12:48:03 pm GET /employee-details
8/9/2023, 12:48:06 pm GET /employee-details
8/9/2023, 12:48:06 pm GET /employee-details
8/9/2023, 12:48:10 pm DELETE /employee-details/64facaab3a4c19bf2abc29d4
8/9/2023, 12:48:20 pm GET /employee-details
8/9/2023, 12:48:20 pm GET /employee-details
8/9/2023, 12:51:34 pm POST /add
8/9/2023, 12:51:34 pm GET /employee-details
8/9/2023, 12:51:34 pm GET /employee-details
8/9/2023, 12:51:44 pm GET /employee-details
8/9/2023, 12:51:44 pm GET /employee-details
8/9/2023, 12:51:49 pm DELETE /employee-details/64facb7e776c3b9bc05fbf36
8/9/2023, 12:51:52 pm GET /employee-details
8/9/2023, 12:51:52 pm GET /employee-details
8/9/2023, 12:54:02 pm POST /add
8/9/2023, 12:54:02 pm GET /employee-details
8/9/2023, 12:54:03 pm GET /employee-details
8/9/2023, 12:55:36 pm POST /add
8/9/2023, 12:55:36 pm GET /employee-details
8/9/2023, 12:55:36 pm GET /employee-details
8/9/2023, 12:55:38 pm GET /employee-details
8/9/2023, 12:55:38 pm GET /employee-details
8/9/2023, 12:57:08 pm GET /employee-details
8/9/2023, 12:57:15 pm DELETE /employee-details/64facc70776c3b9bc05fbf43
8/9/2023, 2:14:33 pm POST /login
8/9/2023, 2:14:37 pm GET /employee-details
8/9/2023, 2:14:37 pm GET /employee-details
8/9/2023, 2:14:40 pm GET /employee-details
8/9/2023, 2:14:40 pm GET /employee-details
8/9/2023, 2:14:42 pm GET /employee-details
8/9/2023, 2:14:42 pm GET /employee-details
8/9/2023, 2:14:50 pm DELETE /employee-details/64facc12776c3b9bc05fbf3f
8/9/2023, 2:16:02 pm POST /add
8/9/2023, 2:16:02 pm GET /employee-details
8/9/2023, 2:16:02 pm GET /employee-details
8/9/2023, 2:16:29 pm POST /add
8/9/2023, 2:16:29 pm GET /employee-details
8/9/2023, 2:16:29 pm GET /employee-details
8/9/2023, 2:17:02 pm POST /add
8/9/2023, 2:17:02 pm GET /employee-details
8/9/2023, 2:17:02 pm GET /employee-details
8/9/2023, 2:17:43 pm POST /add
8/9/2023, 2:17:43 pm GET /employee-details
8/9/2023, 2:17:43 pm GET /employee-details
8/9/2023, 2:17:46 pm GET /employee-details
8/9/2023, 2:17:46 pm GET /employee-details
8/9/2023, 2:20:46 pm GET /employee-details
8/9/2023, 2:21:15 pm GET /employee-details
8/9/2023, 2:21:17 pm GET /employee-details
8/9/2023, 2:21:50 pm GET /employee-details
8/9/2023, 2:21:52 pm GET /employee-details
8/9/2023, 2:28:06 pm GET /employee-details
8/9/2023, 2:28:09 pm GET /employee-details
8/9/2023, 2:28:13 pm GET /employee-details
8/9/2023, 2:28:17 pm GET /employee-details
8/9/2023, 2:28:31 pm GET /employee-details
8/9/2023, 2:28:32 pm GET /employee-details
8/9/2023, 2:28:36 pm GET /employee-details
8/9/2023, 2:28:41 pm GET /employee-details
8/9/2023, 2:28:42 pm GET /employee-details
8/9/2023, 2:28:43 pm GET /employee-details
8/9/2023, 2:28:45 pm GET /employee-details
8/9/2023, 2:28:48 pm GET /employee-details
8/9/2023, 2:28:54 pm GET /employee-details
8/9/2023, 2:28:55 pm GET /employee-details
8/9/2023, 2:29:00 pm GET /employee-details
8/9/2023, 2:29:05 pm GET /employee-details
8/9/2023, 2:29:09 pm GET /employee-details
8/9/2023, 2:29:11 pm GET /employee-details
8/9/2023, 2:29:18 pm GET /employee-details
8/9/2023, 2:29:27 pm GET /employee-details
8/9/2023, 2:29:40 pm GET /employee-details
8/9/2023, 2:29:47 pm GET /employee-details
8/9/2023, 2:42:30 pm GET /employee-details
8/9/2023, 2:42:30 pm GET /employee-details
8/9/2023, 2:42:32 pm GET /employee-details
8/9/2023, 2:42:32 pm GET /employee-details
8/9/2023, 2:42:36 pm DELETE /employee-details/64fadf4a61e9ac45d7386e6c
8/9/2023, 2:43:27 pm POST /add
8/9/2023, 2:43:27 pm GET /employee-details
8/9/2023, 2:43:27 pm GET /employee-details
8/9/2023, 2:43:39 pm GET /employee-details
8/9/2023, 2:43:39 pm GET /employee-details
8/9/2023, 2:43:43 pm DELETE /employee-details/64fae5b72ea0b12fdad6f647
8/9/2023, 2:44:15 pm POST /add
8/9/2023, 2:44:15 pm GET /employee-details
8/9/2023, 2:44:15 pm GET /employee-details
8/9/2023, 2:44:21 pm GET /employee-details
8/9/2023, 2:44:21 pm GET /employee-details
8/9/2023, 2:51:47 pm POST /login
8/9/2023, 2:51:57 pm GET /employee-details
8/9/2023, 2:51:57 pm GET /employee-details
8/9/2023, 2:52:11 pm GET /employee-details
8/9/2023, 2:52:11 pm GET /employee-details
8/9/2023, 2:52:33 pm DELETE /employee-details/64fadf6561e9ac45d7386e70
8/9/2023, 2:52:35 pm PUT /employee-details/64fadf8661e9ac45d7386e74
8/9/2023, 3:20:21 pm POST /login
8/9/2023, 3:20:26 pm GET /employee-details
8/9/2023, 3:20:26 pm GET /employee-details
8/9/2023, 3:20:41 pm PUT /employee-details/64fadf8661e9ac45d7386e74
8/9/2023, 3:21:38 pm PUT /employee-details/64fae5e72ea0b12fdad6f64e
8/9/2023, 3:23:00 pm GET /employee-details
8/9/2023, 3:23:02 pm GET /employee-details
8/9/2023, 3:23:12 pm GET /employee-details
8/9/2023, 3:30:24 pm GET /employee-details
8/9/2023, 3:30:44 pm GET /employee-details
8/9/2023, 3:32:51 pm GET /employee-details
8/9/2023, 3:43:39 pm GET /employee-details
8/9/2023, 3:44:09 pm PUT /employee-details/64fadf8661e9ac45d7386e74
8/9/2023, 3:44:16 pm PUT /employee-details/64fae5e72ea0b12fdad6f64e
8/9/2023, 4:05:16 pm PUT /employee-details/64fadfaf61e9ac45d7386e78
8/9/2023, 4:05:32 pm GET /employee-details
8/9/2023, 4:05:34 pm GET /employee-details
8/9/2023, 4:14:13 pm GET /employee-details
8/9/2023, 4:14:15 pm GET /employee-details
8/9/2023, 4:14:17 pm GET /employee-details
8/9/2023, 4:14:19 pm GET /employee-details
8/9/2023, 4:14:25 pm GET /employee-details
8/9/2023, 4:14:28 pm GET /employee-details
8/9/2023, 4:14:44 pm GET /employee-details
8/9/2023, 4:14:54 pm GET /employee-details
8/9/2023, 4:14:56 pm GET /employee-details
8/9/2023, 4:15:01 pm GET /employee-details
8/9/2023, 4:15:03 pm GET /employee-details
8/9/2023, 4:15:12 pm GET /employee-details
8/9/2023, 4:15:15 pm GET /employee-details
8/9/2023, 4:15:21 pm GET /employee-details
8/9/2023, 4:16:01 pm GET /employee-details
8/9/2023, 4:16:02 pm GET /employee-details
8/9/2023, 4:16:05 pm GET /employee-details
8/9/2023, 4:16:11 pm GET /employee-details
8/9/2023, 4:16:13 pm GET /employee-details
8/9/2023, 4:16:19 pm GET /employee-details
8/9/2023, 4:16:34 pm GET /employee-details
8/9/2023, 4:16:37 pm GET /employee-details
8/9/2023, 4:16:44 pm GET /employee-details
8/9/2023, 4:16:55 pm GET /employee-details
8/9/2023, 4:17:00 pm GET /employee-details
8/9/2023, 4:17:06 pm GET /employee-details
8/9/2023, 4:19:30 pm GET /employee-details
8/9/2023, 4:19:37 pm GET /employee-details
8/9/2023, 4:19:40 pm GET /employee-details
8/9/2023, 4:20:04 pm GET /employee-details
8/9/2023, 4:20:16 pm GET /employee-details
8/9/2023, 4:21:25 pm GET /employee-details
8/9/2023, 4:21:25 pm GET /employee-details
8/9/2023, 4:22:08 pm POST /add
8/9/2023, 4:22:08 pm GET /employee-details
8/9/2023, 4:22:08 pm GET /employee-details
8/9/2023, 4:24:48 pm POST /login
8/9/2023, 4:24:59 pm GET /employee-details
8/9/2023, 4:24:59 pm GET /employee-details
8/9/2023, 4:25:06 pm GET /employee-details
8/9/2023, 4:25:06 pm GET /employee-details
8/9/2023, 4:39:09 pm GET /employee-details
8/9/2023, 4:39:09 pm GET /employee-details
8/9/2023, 4:39:33 pm PUT /employee-details/64fafcd8875dee35d6cc3ff0
8/9/2023, 4:39:47 pm PUT /employee-details/64fadf8661e9ac45d7386e74
8/9/2023, 4:40:04 pm DELETE /employee-details/64fafcd8875dee35d6cc3ff0
8/9/2023, 4:40:54 pm POST /add
8/9/2023, 4:40:54 pm GET /employee-details
8/9/2023, 4:40:54 pm GET /employee-details
8/9/2023, 4:42:02 pm GET /employee-details
8/9/2023, 4:42:02 pm GET /employee-details
8/9/2023, 4:42:19 pm GET /employee-details
8/9/2023, 4:42:19 pm GET /employee-details
8/9/2023, 4:42:56 pm POST /login
8/9/2023, 4:43:02 pm GET /employee-details
8/9/2023, 4:43:02 pm GET /employee-details
8/9/2023, 4:43:05 pm GET /employee-details
8/9/2023, 4:43:05 pm GET /employee-details
8/9/2023, 4:43:47 pm GET /employee-details
8/9/2023, 4:43:47 pm GET /employee-details
8/9/2023, 4:43:51 pm GET /employee-details
8/9/2023, 4:43:51 pm GET /employee-details
8/9/2023, 4:48:14 pm GET /employee-details
8/9/2023, 4:48:14 pm GET /employee-details
8/9/2023, 4:51:59 pm POST /login
8/9/2023, 4:52:09 pm GET /employee-details
8/9/2023, 4:52:09 pm GET /employee-details
8/9/2023, 4:52:16 pm GET /employee-details
8/9/2023, 4:52:16 pm GET /employee-details
8/9/2023, 4:52:26 pm GET /employee-details
8/9/2023, 4:52:26 pm GET /employee-details
